<?xml version="1.0" encoding="UTF-8"?>
<testsuites>
  <testsuite name="Cities Test Suite" tests="8" assertions="11" failures="0" errors="0" time="0.129593">
    <testsuite name="Znck\Tests\States\FileLoaderTest" file="/Volumes/Znck/Workspace/workbench/packages/znck/states/tests/FileLoaderTest.php" tests="6" assertions="6" failures="0" errors="0" time="0.109123">
      <testcase name="test_it_can_load" class="Znck\Tests\States\FileLoaderTest" file="/Volumes/Znck/Workspace/workbench/packages/znck/states/tests/FileLoaderTest.php" line="11" assertions="1" time="0.066171"/>
      <testcase name="test_it_throws_if_locale_does_not_exist" class="Znck\Tests\States\FileLoaderTest" file="/Volumes/Znck/Workspace/workbench/packages/znck/states/tests/FileLoaderTest.php" line="18" assertions="1" time="0.023405"/>
      <testcase name="test_it_should_throw_error_invalid_resource_exception" class="Znck\Tests\States\FileLoaderTest" file="/Volumes/Znck/Workspace/workbench/packages/znck/states/tests/FileLoaderTest.php" line="27" assertions="1" time="0.013618"/>
      <testcase name="test_it_should_throw_error_invalid_resource_exception_too" class="Znck\Tests\States\FileLoaderTest" file="/Volumes/Znck/Workspace/workbench/packages/znck/states/tests/FileLoaderTest.php" line="36" assertions="1" time="0.002336"/>
      <testcase name="test_it_loads_correct_data" class="Znck\Tests\States\FileLoaderTest" file="/Volumes/Znck/Workspace/workbench/packages/znck/states/tests/FileLoaderTest.php" line="45" assertions="1" time="0.002155"/>
      <testcase name="test_it_can_load_with_slash_at_end_of_path" class="Znck\Tests\States\FileLoaderTest" file="/Volumes/Znck/Workspace/workbench/packages/znck/states/tests/FileLoaderTest.php" line="52" assertions="1" time="0.001438"/>
    </testsuite>
    <testsuite name="Znck\Tests\States\TranslatorTest" file="/Volumes/Znck/Workspace/workbench/packages/znck/states/tests/TranslatorTest.php" tests="2" assertions="5" failures="0" errors="0" time="0.020470">
      <testcase name="test_it_works" class="Znck\Tests\States\TranslatorTest" file="/Volumes/Znck/Workspace/workbench/packages/znck/states/tests/TranslatorTest.php" line="9" assertions="1" time="0.017795"/>
      <testcase name="test_it_works_too" class="Znck\Tests\States\TranslatorTest" file="/Volumes/Znck/Workspace/workbench/packages/znck/states/tests/TranslatorTest.php" line="16" assertions="4" time="0.002675"/>
    </testsuite>
  </testsuite>
</testsuites>
